
Showing logs for build [32mcb-kubecd-environment-pr-5450-1-hgbxk-1[0m stage [32mmeta-pipeline[0m and container [32mstep-credential-initializer-89jvj[0m
{"level":"warn","ts":1568289128.8359067,"logger":"fallback-logger","caller":"logging/config.go:69","msg":"Fetch GitHub commit ID from kodata failed: \"ref: refs/heads/master\" is not a valid GitHub commit ID"}
{"level":"info","ts":1568289128.8366153,"logger":"fallback-logger","caller":"creds-init/main.go:40","msg":"Credentials initialized."}

Showing logs for build [32mcb-kubecd-environment-pr-5450-1-hgbxk-1[0m stage [32mmeta-pipeline[0m and container [32mstep-working-dir-initializer-jd5pd[0m
{"level":"warn","ts":1568289129.8076339,"logger":"fallback-logger","caller":"logging/config.go:69","msg":"Fetch GitHub commit ID from kodata failed: open /var/run/ko/HEAD: no such file or directory"}
{"level":"info","ts":1568289129.809511,"logger":"fallback-logger","caller":"bash/main.go:65","msg":"Successfully executed command \"mkdir -p /workspace/source\""}

Showing logs for build [32mcb-kubecd-environment-pr-5450-1-hgbxk-1[0m stage [32mmeta-pipeline[0m and container [32mstep-place-tools[0m

Showing logs for build [32mcb-kubecd-environment-pr-5450-1-hgbxk-1[0m stage [32mmeta-pipeline[0m and container [32mstep-git-source-meta-cb-kubecd-environment-pr-5-67pgt[0m
{"level":"warn","ts":1568289135.9181485,"logger":"fallback-logger","caller":"logging/config.go:69","msg":"Fetch GitHub commit ID from kodata failed: \"ref: refs/heads/master\" is not a valid GitHub commit ID"}
{"level":"info","ts":1568289136.9909754,"logger":"fallback-logger","caller":"git/git.go:102","msg":"Successfully cloned https://github.com/cb-kubecd/environment-pr-5450-15-tekton-gkebdd-production.git @ 32dcb8bb479a3bdf75ec30d9899d7e665ee9604d in path /workspace/source"}

Showing logs for build [32mcb-kubecd-environment-pr-5450-1-hgbxk-1[0m stage [32mmeta-pipeline[0m and container [32mstep-git-merge[0m
Using SHAs from PULL_REFS=master:32dcb8bb479a3bdf75ec30d9899d7e665ee9604d,1:7187f42709a8b8dafabf03c93925b5f1b52036d4
DEBUG: ran git fetch --unshallow origin 7187f42709a8b8dafabf03c93925b5f1b52036d4: 32dcb8bb479a3bdf75ec30d9899d7e665ee9604d: in 
DEBUG: ran git checkout master in 
DEBUG: ran git reset --hard 32dcb8bb479a3bdf75ec30d9899d7e665ee9604d in 
DEBUG: ran clean --force -d . in 
DEBUG: ran git merge 7187f42709a8b8dafabf03c93925b5f1b52036d4 in 
Merged SHA 7187f42709a8b8dafabf03c93925b5f1b52036d4 with commit message 'chore: Promote bdd-spring-1568288448 to version 0.0.1' into base branch master

Showing logs for build [32mcb-kubecd-environment-pr-5450-1-hgbxk-1[0m stage [32mmeta-pipeline[0m and container [32mstep-merge-pull-refs[0m
DEBUG: ran git fetch origin 7187f42709a8b8dafabf03c93925b5f1b52036d4: 32dcb8bb479a3bdf75ec30d9899d7e665ee9604d: in 
DEBUG: Unshallowed git repo in 
DEBUG: ran git checkout master in 
DEBUG: ran git reset --hard 32dcb8bb479a3bdf75ec30d9899d7e665ee9604d in 
DEBUG: ran clean --force -d . in 
DEBUG: ran git merge 7187f42709a8b8dafabf03c93925b5f1b52036d4 in 
Merged SHA 7187f42709a8b8dafabf03c93925b5f1b52036d4 with commit message 'chore: Promote bdd-spring-1568288448 to version 0.0.1' into base branch master

Showing logs for build [32mcb-kubecd-environment-pr-5450-1-hgbxk-1[0m stage [32mmeta-pipeline[0m and container [32mstep-create-effective-pipeline[0m
Deleting and cloning the Jenkins X versions repo
Cloning the Jenkins X versions repo https://github.com/jenkins-x/jenkins-x-versions.git with ref refs/heads/master to /builder/home/.**/jenkins-x-versions
selected pack: /builder/home/.**/draft/packs/github.com/jenkins-x-buildpacks/jenkins-x-kubernetes/packs/environment
Effective pipeline written to jenkins-x-promotion-build-effective.yml

Showing logs for build [32mcb-kubecd-environment-pr-5450-1-hgbxk-1[0m stage [32mmeta-pipeline[0m and container [32mstep-create-tekton-crds[0m
PipelineActivity for cb-kubecd-environment-pr-5450-15-tekton-gkebdd-production-PR-1-1
Applying changes 
upserted PipelineResource cb-kubecd-environment-pr-5450-1 for the git repository https://github.com/cb-kubecd/environment-pr-5450-15-tekton-gkebdd-production.git
upserted Task cb-kubecd-environment-pr-5450-1-hgbxk-from-build-pack-1
upserted Pipeline cb-kubecd-environment-pr-5450-1-hgbxk-1
created PipelineRun cb-kubecd-environment-pr-5450-1-hgbxk-1
created PipelineStructure cb-kubecd-environment-pr-5450-1-hgbxk-1

Showing logs for build [32mcb-kubecd-environment-pr-5450-1-hgbxk-1[0m stage [32mfrom-build-pack[0m and container [32mstep-credential-initializer-9qj2n[0m
{"level":"warn","ts":1568289150.9746258,"logger":"fallback-logger","caller":"logging/config.go:69","msg":"Fetch GitHub commit ID from kodata failed: \"ref: refs/heads/master\" is not a valid GitHub commit ID"}
{"level":"info","ts":1568289150.9758523,"logger":"fallback-logger","caller":"creds-init/main.go:40","msg":"Credentials initialized."}

Showing logs for build [32mcb-kubecd-environment-pr-5450-1-hgbxk-1[0m stage [32mfrom-build-pack[0m and container [32mstep-working-dir-initializer-xg87t[0m
{"level":"warn","ts":1568289151.3935473,"logger":"fallback-logger","caller":"logging/config.go:69","msg":"Fetch GitHub commit ID from kodata failed: open /var/run/ko/HEAD: no such file or directory"}
{"level":"info","ts":1568289151.3962324,"logger":"fallback-logger","caller":"bash/main.go:65","msg":"Successfully executed command \"mkdir -p /workspace/source /workspace/source/env\""}

Showing logs for build [32mcb-kubecd-environment-pr-5450-1-hgbxk-1[0m stage [32mfrom-build-pack[0m and container [32mstep-place-tools[0m

Showing logs for build [32mcb-kubecd-environment-pr-5450-1-hgbxk-1[0m stage [32mfrom-build-pack[0m and container [32mstep-git-source-cb-kubecd-environment-pr-5450-1-pffx4[0m
{"level":"warn","ts":1568289157.455781,"logger":"fallback-logger","caller":"logging/config.go:69","msg":"Fetch GitHub commit ID from kodata failed: \"ref: refs/heads/master\" is not a valid GitHub commit ID"}
{"level":"info","ts":1568289158.5225835,"logger":"fallback-logger","caller":"git/git.go:102","msg":"Successfully cloned https://github.com/cb-kubecd/environment-pr-5450-15-tekton-gkebdd-production.git @ master in path /workspace/source"}

Showing logs for build [32mcb-kubecd-environment-pr-5450-1-hgbxk-1[0m stage [32mfrom-build-pack[0m and container [32mstep-git-merge[0m
Using SHAs from PULL_REFS=master:32dcb8bb479a3bdf75ec30d9899d7e665ee9604d,1:7187f42709a8b8dafabf03c93925b5f1b52036d4
DEBUG: ran git fetch origin 7187f42709a8b8dafabf03c93925b5f1b52036d4: 32dcb8bb479a3bdf75ec30d9899d7e665ee9604d: in 
DEBUG: Unshallowed git repo in 
DEBUG: ran git checkout master in 
DEBUG: ran git reset --hard 32dcb8bb479a3bdf75ec30d9899d7e665ee9604d in 
DEBUG: ran clean --force -d . in 
DEBUG: ran git merge 7187f42709a8b8dafabf03c93925b5f1b52036d4 in 
Merged SHA 7187f42709a8b8dafabf03c93925b5f1b52036d4 with commit message 'chore: Promote bdd-spring-1568288448 to version 0.0.1' into base branch master

Showing logs for build [32mcb-kubecd-environment-pr-5450-1-hgbxk-1[0m stage [32mfrom-build-pack[0m and container [32mstep-build-helm-build[0m
WARNING: No $CHART_REPOSITORY defined so using the default value of: http://jenkins-x-chartmuseum:8080
Adding missing Helm repo: storage.googleapis.com https://storage.googleapis.com/chartmuseum.jenkins-x.io
Successfully added Helm repository storage.googleapis.com.
Adding missing Helm repo: jenkins-x-chartmuseum http://jenkins-x-chartmuseum:8080
Successfully added Helm repository jenkins-x-chartmuseum.
WARNING: No $CHART_REPOSITORY defined so using the default value of: http://jenkins-x-chartmuseum:8080
Adding missing Helm repo: chartmuseum.jenkins-x.io http://chartmuseum.jenkins-x.io
Successfully added Helm repository chartmuseum.jenkins-x.io.
